\BOOKMARK [0][-]{chapter*.2}{List of Figures}{}% 1
\BOOKMARK [0][-]{chapter*.3}{List of Tables}{}% 2
\BOOKMARK [0][-]{chapter*.4}{Glossary}{}% 3
\BOOKMARK [0][-]{chapter.1}{Introduction}{}% 4
\BOOKMARK [1][-]{section.1.1}{Confidentiality and Integrity Models}{chapter.1}% 5
\BOOKMARK [1][-]{section.1.2}{National and International Standards}{chapter.1}% 6
\BOOKMARK [1][-]{section.1.3}{Current Solutions}{chapter.1}% 7
\BOOKMARK [2][-]{subsection.1.3.1}{NSA, Filtered}{section.1.3}% 8
\BOOKMARK [2][-]{subsection.1.3.2}{NSA, Services}{section.1.3}% 9
\BOOKMARK [2][-]{subsection.1.3.3}{Raytheon}{section.1.3}% 10
\BOOKMARK [2][-]{subsection.1.3.4}{Booz \040Allen \040Hamilton}{section.1.3}% 11
\BOOKMARK [1][-]{section.1.4}{Information-centric Networking}{chapter.1}% 12
\BOOKMARK [1][-]{section.1.5}{Other Related Work}{chapter.1}% 13
\BOOKMARK [0][-]{chapter.2}{Usage Management in Information-centric Networks}{}% 14
\BOOKMARK [1][-]{section.2.1}{Characteristics}{chapter.2}% 15
\BOOKMARK [1][-]{section.2.2}{Taxonomies of Usage Management Overlay}{chapter.2}% 16
\BOOKMARK [2][-]{subsection.2.2.1}{-level Overlay Systems}{section.2.2}% 17
\BOOKMARK [2][-]{subsection.2.2.2}{-level Overlay Systems}{section.2.2}% 18
\BOOKMARK [2][-]{subsection.2.2.3}{-level Overlay Systems}{section.2.2}% 19
\BOOKMARK [2][-]{subsection.2.2.4}{-level Overlay Systems}{section.2.2}% 20
\BOOKMARK [1][-]{section.2.3}{Taxonomic Analysis}{chapter.2}% 21
\BOOKMARK [2][-]{subsection.2.3.1}{Characteristics of Policy-centricity}{section.2.3}% 22
\BOOKMARK [2][-]{subsection.2.3.2}{Information-centric Structure}{section.2.3}% 23
\BOOKMARK [1][-]{section.2.4}{Analysis}{chapter.2}% 24
\BOOKMARK [0][-]{chapter.3}{Experimental Configuration}{}% 25
\BOOKMARK [1][-]{section.3.1}{Overlay Implementation Concerns}{chapter.3}% 26
\BOOKMARK [1][-]{section.3.2}{Initial Prototype Implementation}{chapter.3}% 27
\BOOKMARK [1][-]{section.3.3}{Inter-Provider Cloud Configuration}{chapter.3}% 28
\BOOKMARK [1][-]{section.3.4}{Inter-Cloud Architecture}{chapter.3}% 29
\BOOKMARK [1][-]{section.3.5}{Experimental Structure}{chapter.3}% 30
\BOOKMARK [2][-]{subsection.3.5.1}{Initial Seed Information}{section.3.5}% 31
\BOOKMARK [2][-]{subsection.3.5.2}{Policies and Attributes}{section.3.5}% 32
\BOOKMARK [1][-]{section.3.6}{Primary Interfaces and Mappings}{chapter.3}% 33
\BOOKMARK [0][-]{chapter.4}{Experimental Results}{}% 34
\BOOKMARK [0][-]{chapter*.29}{References}{}% 35
