This is pdfTeX, Version 3.1415926-2.4-1.40.13 (TeX Live 2012) (format=pdflatex 2012.6.30)  9 NOV 2012 14:44
entering extended mode
 restricted \write18 enabled.
 %&-line parsing enabled.
**dissertation.tex
(./dissertation.tex
LaTeX2e <2011/06/27>
Babel <v3.8m> and hyphenation patterns for english, dumylang, nohyphenation, ge
rman-x-2012-05-30, ngerman-x-2012-05-30, afrikaans, ancientgreek, ibycus, arabi
c, armenian, basque, bulgarian, catalan, pinyin, coptic, croatian, czech, danis
h, dutch, ukenglish, usenglishmax, esperanto, estonian, ethiopic, farsi, finnis
h, french, friulan, galician, german, ngerman, swissgerman, monogreek, greek, h
ungarian, icelandic, assamese, bengali, gujarati, hindi, kannada, malayalam, ma
rathi, oriya, panjabi, tamil, telugu, indonesian, interlingua, irish, italian, 
kurmanji, latin, latvian, lithuanian, mongolian, mongolianlmc, bokmal, nynorsk,
 polish, portuguese, romanian, romansh, russian, sanskrit, serbian, serbianc, s
lovak, slovenian, spanish, swedish, turkish, turkmen, ukrainian, uppersorbian, 
welsh, loaded.
(./unmeethesis.cls
Document Class: unmeethesis 1995/10/31 UNM EECE dissertation class-mod 03/27/02

(/usr/local/texlive/2012/texmf-dist/tex/latex/base/fleqn.clo
File: fleqn.clo 1998/08/17 v1.1c Standard LaTeX option (flush left equations)
\mathindent=\dimen102
)
(/usr/local/texlive/2012/texmf-dist/tex/latex/graphics/color.sty
Package: color 2005/11/14 v1.0j Standard LaTeX Color (DPC)

(/usr/local/texlive/2012/texmf-dist/tex/latex/latexconfig/color.cfg
File: color.cfg 2007/01/18 v1.5 color configuration of teTeX/TeXLive
)
Package color Info: Driver file: pdftex.def on input line 130.

(/usr/local/texlive/2012/texmf-dist/tex/latex/pdftex-def/pdftex.def
File: pdftex.def 2011/05/27 v0.06d Graphics/color for pdfTeX

(/usr/local/texlive/2012/texmf-dist/tex/generic/oberdiek/infwarerr.sty
Package: infwarerr 2010/04/08 v1.3 Providing info/warning/error messages (HO)
)
(/usr/local/texlive/2012/texmf-dist/tex/generic/oberdiek/ltxcmds.sty
Package: ltxcmds 2011/11/09 v1.22 LaTeX kernel commands for general use (HO)
)
\Gread@gobject=\count79
))
(./unm12.clo
File: unm12.clo 1995/07/26 Standard UNM file (size option)-mod 09/17/01
)
\@chosenpointsize=\skip41
\@scaledpointsize=\skip42
\@fancybox=\box26
\do@VerbBox=\toks14
\@temptextheight=\skip43
\@temptextwidth=\skip44
\@temptopmargin=\skip45
\@tempheadheight=\skip46
\@tempheadsep=\skip47
\@tempfootskip=\skip48
\c@part=\count80
\c@chapter=\count81
\c@section=\count82
\c@subsection=\count83
\c@subsubsection=\count84
\c@paragraph=\count85
\c@subparagraph=\count86
\c@figure=\count87
\c@table=\count88
\abovecaptionskip=\skip49
\belowcaptionskip=\skip50
\bibindent=\dimen103
) (/usr/local/texlive/2012/texmf-dist/tex/latex/base/inputenc.sty
Package: inputenc 2008/03/30 v1.1d Input encoding file
\inpenc@prehook=\toks15
\inpenc@posthook=\toks16

(/usr/local/texlive/2012/texmf-dist/tex/latex/base/latin1.def
File: latin1.def 2008/03/30 v1.1d Input encoding file
))
(/usr/local/texlive/2012/texmf-dist/tex/latex/amsmath/amsmath.sty
Package: amsmath 2000/07/18 v2.13 AMS math features
\@mathmargin=\skip51

For additional information on amsmath, use the `?' option.
(/usr/local/texlive/2012/texmf-dist/tex/latex/amsmath/amstext.sty
Package: amstext 2000/06/29 v2.01

(/usr/local/texlive/2012/texmf-dist/tex/latex/amsmath/amsgen.sty
File: amsgen.sty 1999/11/30 v2.0
\@emptytoks=\toks17
\ex@=\dimen104
))
(/usr/local/texlive/2012/texmf-dist/tex/latex/amsmath/amsbsy.sty
Package: amsbsy 1999/11/29 v1.2d
\pmbraise@=\dimen105
)
(/usr/local/texlive/2012/texmf-dist/tex/latex/amsmath/amsopn.sty
Package: amsopn 1999/12/14 v2.01 operator names
)
\inf@bad=\count89
LaTeX Info: Redefining \frac on input line 211.
\uproot@=\count90
\leftroot@=\count91
LaTeX Info: Redefining \overline on input line 307.
\classnum@=\count92
\DOTSCASE@=\count93
LaTeX Info: Redefining \ldots on input line 379.
LaTeX Info: Redefining \dots on input line 382.
LaTeX Info: Redefining \cdots on input line 467.
\Mathstrutbox@=\box27
\strutbox@=\box28
\big@size=\dimen106
LaTeX Font Info:    Redeclaring font encoding OML on input line 567.
LaTeX Font Info:    Redeclaring font encoding OMS on input line 568.
\macc@depth=\count94
\c@MaxMatrixCols=\count95
\dotsspace@=\muskip10
\c@parentequation=\count96
\dspbrk@lvl=\count97
\tag@help=\toks18
\row@=\count98
\column@=\count99
\maxfields@=\count100
\andhelp@=\toks19
\eqnshift@=\dimen107
\alignsep@=\dimen108
\tagshift@=\dimen109
\tagwidth@=\dimen110
\totwidth@=\dimen111
\lineht@=\dimen112
\@envbody=\toks20
\multlinegap=\skip52
\multlinetaggap=\skip53
\mathdisplay@stack=\toks21
LaTeX Info: Redefining \[ on input line 2666.
LaTeX Info: Redefining \] on input line 2667.
)
(/usr/local/texlive/2012/texmf-dist/tex/latex/amsfonts/amsfonts.sty
Package: amsfonts 2009/06/22 v3.00 Basic AMSFonts support
\symAMSa=\mathgroup4
\symAMSb=\mathgroup5
LaTeX Font Info:    Overwriting math alphabet `\mathfrak' in version `bold'
(Font)                  U/euf/m/n --> U/euf/b/n on input line 96.
)
(/usr/local/texlive/2012/texmf-dist/tex/latex/amsfonts/amssymb.sty
Package: amssymb 2009/06/22 v3.00
)
(/usr/local/texlive/2012/texmf-dist/tex/latex/graphics/graphicx.sty
Package: graphicx 1999/02/16 v1.0f Enhanced LaTeX Graphics (DPC,SPQR)

(/usr/local/texlive/2012/texmf-dist/tex/latex/graphics/keyval.sty
Package: keyval 1999/03/16 v1.13 key=value parser (DPC)
\KV@toks@=\toks22
)
(/usr/local/texlive/2012/texmf-dist/tex/latex/graphics/graphics.sty
Package: graphics 2009/02/05 v1.0o Standard LaTeX Graphics (DPC,SPQR)

(/usr/local/texlive/2012/texmf-dist/tex/latex/graphics/trig.sty
Package: trig 1999/03/16 v1.09 sin cos tan (DPC)
)
(/usr/local/texlive/2012/texmf-dist/tex/latex/latexconfig/graphics.cfg
File: graphics.cfg 2010/04/23 v1.9 graphics configuration of TeX Live
)
Package graphics Info: Driver file: pdftex.def on input line 91.
)
\Gin@req@height=\dimen113
\Gin@req@width=\dimen114
)
(/usr/local/texlive/2012/texmf-dist/tex/latex/graphics/epsfig.sty
Package: epsfig 1999/02/16 v1.7a (e)psfig emulation (SPQR)
\epsfxsize=\dimen115
\epsfysize=\dimen116
)
(/usr/local/texlive/2012/texmf-dist/tex/latex/booktabs/booktabs.sty
Package: booktabs 2005/04/14 v1.61803 publication quality tables
\heavyrulewidth=\dimen117
\lightrulewidth=\dimen118
\cmidrulewidth=\dimen119
\belowrulesep=\dimen120
\belowbottomsep=\dimen121
\aboverulesep=\dimen122
\abovetopsep=\dimen123
\cmidrulesep=\dimen124
\cmidrulekern=\dimen125
\defaultaddspace=\dimen126
\@cmidla=\count101
\@cmidlb=\count102
\@aboverulesep=\dimen127
\@belowrulesep=\dimen128
\@thisruleclass=\count103
\@lastruleclass=\count104
\@thisrulewidth=\dimen129
)
(/usr/local/texlive/2012/texmf-dist/tex/latex/listings/listings.sty
\lst@mode=\count105
\lst@gtempboxa=\box29
\lst@token=\toks23
\lst@length=\count106
\lst@currlwidth=\dimen130
\lst@column=\count107
\lst@pos=\count108
\lst@lostspace=\dimen131
\lst@width=\dimen132
\lst@newlines=\count109
\lst@lineno=\count110
\lst@maxwidth=\dimen133

(/usr/local/texlive/2012/texmf-dist/tex/latex/listings/lstmisc.sty
File: lstmisc.sty 2007/02/22 1.4 (Carsten Heinz)
\c@lstnumber=\count111
\lst@skipnumbers=\count112
\lst@framebox=\box30
)
(/usr/local/texlive/2012/texmf-dist/tex/latex/listings/listings.cfg
File: listings.cfg 2007/02/22 1.4 listings configuration
))
Package: listings 2007/02/22 1.4 (Carsten Heinz)

(/usr/local/texlive/2012/texmf-dist/tex/latex/psnfss/courier.sty
Package: courier 2005/04/12 PSNFSS-v9.2a (WaS) 
)
(/usr/local/texlive/2012/texmf-dist/tex/latex/multirow/multirow.sty
\bigstrutjot=\dimen134
)
(/usr/local/texlive/2012/texmf-dist/tex/latex/framed/framed.sty
Package: framed 2011/10/22 v 0.96: framed or shaded text with page breaks
\OuterFrameSep=\skip54
\fb@frw=\dimen135
\fb@frh=\dimen136
\FrameRule=\dimen137
\FrameSep=\dimen138
)
(/usr/local/texlive/2012/texmf-dist/tex/latex/lipsum/lipsum.sty
Package: lipsum 2011/04/14 v1.2 150 paragraphs of Lorem Ipsum dummy text
\c@lips@count=\count113
)
(/usr/local/texlive/2012/texmf-dist/tex/latex/subfigure/subfigure.sty
Package: subfigure 2002/03/15 v2.1.5 subfigure package
\subfigtopskip=\skip55
\subfigcapskip=\skip56
\subfigcaptopadj=\dimen139
\subfigbottomskip=\skip57
\subfigcapmargin=\dimen140
\subfiglabelskip=\skip58
\c@subfigure=\count114
\c@lofdepth=\count115
\c@subtable=\count116
\c@lotdepth=\count117

****************************************
* Local config file subfigure.cfg used *
****************************************
(/usr/local/texlive/2012/texmf-dist/tex/latex/subfigure/subfigure.cfg)
\subfig@top=\skip59
\subfig@bottom=\skip60
)
(/usr/local/texlive/2012/texmf-dist/tex/latex/base/fontenc.sty
Package: fontenc 2005/09/27 v1.99g Standard LaTeX package

(/usr/local/texlive/2012/texmf-dist/tex/latex/base/t1enc.def
File: t1enc.def 2005/09/27 v1.99g Standard LaTeX file
LaTeX Font Info:    Redeclaring font encoding T1 on input line 43.
))
(/usr/local/texlive/2012/texmf-dist/tex/latex/psnfss/mathptmx.sty
Package: mathptmx 2005/04/12 PSNFSS-v9.2a Times w/ Math, improved (SPQR, WaS) 
LaTeX Font Info:    Redeclaring symbol font `operators' on input line 28.
LaTeX Font Info:    Overwriting symbol font `operators' in version `normal'
(Font)                  OT1/cmr/m/n --> OT1/ztmcm/m/n on input line 28.
LaTeX Font Info:    Overwriting symbol font `operators' in version `bold'
(Font)                  OT1/cmr/bx/n --> OT1/ztmcm/m/n on input line 28.
LaTeX Font Info:    Redeclaring symbol font `letters' on input line 29.
LaTeX Font Info:    Overwriting symbol font `letters' in version `normal'
(Font)                  OML/cmm/m/it --> OML/ztmcm/m/it on input line 29.
LaTeX Font Info:    Overwriting symbol font `letters' in version `bold'
(Font)                  OML/cmm/b/it --> OML/ztmcm/m/it on input line 29.
LaTeX Font Info:    Redeclaring symbol font `symbols' on input line 30.
LaTeX Font Info:    Overwriting symbol font `symbols' in version `normal'
(Font)                  OMS/cmsy/m/n --> OMS/ztmcm/m/n on input line 30.
LaTeX Font Info:    Overwriting symbol font `symbols' in version `bold'
(Font)                  OMS/cmsy/b/n --> OMS/ztmcm/m/n on input line 30.
LaTeX Font Info:    Redeclaring symbol font `largesymbols' on input line 31.
LaTeX Font Info:    Overwriting symbol font `largesymbols' in version `normal'
(Font)                  OMX/cmex/m/n --> OMX/ztmcm/m/n on input line 31.
LaTeX Font Info:    Overwriting symbol font `largesymbols' in version `bold'
(Font)                  OMX/cmex/m/n --> OMX/ztmcm/m/n on input line 31.
\symbold=\mathgroup6
\symitalic=\mathgroup7
LaTeX Font Info:    Redeclaring math alphabet \mathbf on input line 34.
LaTeX Font Info:    Overwriting math alphabet `\mathbf' in version `normal'
(Font)                  OT1/cmr/bx/n --> OT1/ptm/bx/n on input line 34.
LaTeX Font Info:    Overwriting math alphabet `\mathbf' in version `bold'
(Font)                  OT1/cmr/bx/n --> OT1/ptm/bx/n on input line 34.
LaTeX Font Info:    Redeclaring math alphabet \mathit on input line 35.
LaTeX Font Info:    Overwriting math alphabet `\mathit' in version `normal'
(Font)                  OT1/cmr/m/it --> OT1/ptm/m/it on input line 35.
LaTeX Font Info:    Overwriting math alphabet `\mathit' in version `bold'
(Font)                  OT1/cmr/bx/it --> OT1/ptm/m/it on input line 35.
LaTeX Info: Redefining \hbar on input line 50.
)
(/usr/local/texlive/2012/texmf-dist/tex/latex/psnfss/helvet.sty
Package: helvet 2005/04/12 PSNFSS-v9.2a (WaS) 
)
LaTeX Font Info:    Try loading font information for T1+ptm on input line 29.

(/usr/local/texlive/2012/texmf-dist/tex/latex/psnfss/t1ptm.fd
File: t1ptm.fd 2001/06/04 font definitions for T1/ptm.
)
(/usr/local/texlive/2012/texmf-dist/tex/latex/microtype/microtype.sty
Package: microtype 2010/01/10 v2.4 Micro-typography with pdfTeX (RS)
\MT@toks=\toks24
\MT@count=\count118
LaTeX Info: Redefining \lsstyle on input line 1597.
LaTeX Info: Redefining \lslig on input line 1597.
\MT@outer@space=\skip61
LaTeX Info: Redefining \textls on input line 1605.
\MT@outer@kern=\dimen141
LaTeX Info: Redefining \textmicrotypecontext on input line 2156.
Package microtype Info: Loading configuration file microtype.cfg.

(/usr/local/texlive/2012/texmf-dist/tex/latex/microtype/microtype.cfg
File: microtype.cfg 2010/01/10 v2.4 microtype main configuration file (RS)
))
(/usr/local/texlive/2012/texmf-dist/tex/latex/hyperref/hyperref.sty
Package: hyperref 2012/05/13 v6.82q Hypertext links for LaTeX

(/usr/local/texlive/2012/texmf-dist/tex/generic/oberdiek/hobsub-hyperref.sty
Package: hobsub-hyperref 2012/05/28 v1.13 Bundle oberdiek, subset hyperref (HO)


(/usr/local/texlive/2012/texmf-dist/tex/generic/oberdiek/hobsub-generic.sty
Package: hobsub-generic 2012/05/28 v1.13 Bundle oberdiek, subset generic (HO)
Package: hobsub 2012/05/28 v1.13 Construct package bundles (HO)
Package hobsub Info: Skipping package `infwarerr' (already loaded).
Package hobsub Info: Skipping package `ltxcmds' (already loaded).
Package: ifluatex 2010/03/01 v1.3 Provides the ifluatex switch (HO)
Package ifluatex Info: LuaTeX not detected.
Package: ifvtex 2010/03/01 v1.5 Detect VTeX and its facilities (HO)
Package ifvtex Info: VTeX not detected.
Package: intcalc 2007/09/27 v1.1 Expandable calculations with integers (HO)
Package: ifpdf 2011/01/30 v2.3 Provides the ifpdf switch (HO)
Package ifpdf Info: pdfTeX in PDF mode is detected.
Package: etexcmds 2011/02/16 v1.5 Avoid name clashes with e-TeX commands (HO)
Package etexcmds Info: Could not find \expanded.
(etexcmds)             That can mean that you are not using pdfTeX 1.50 or
(etexcmds)             that some package has redefined \expanded.
(etexcmds)             In the latter case, load this package earlier.
Package: kvsetkeys 2012/04/25 v1.16 Key value parser (HO)
Package: kvdefinekeys 2011/04/07 v1.3 Define keys (HO)
Package: pdftexcmds 2011/11/29 v0.20 Utility functions of pdfTeX for LuaTeX (HO
)
Package pdftexcmds Info: LuaTeX not detected.
Package pdftexcmds Info: \pdf@primitive is available.
Package pdftexcmds Info: \pdf@ifprimitive is available.
Package pdftexcmds Info: \pdfdraftmode found.
Package: pdfescape 2011/11/25 v1.13 Implements pdfTeX's escape features (HO)
Package: bigintcalc 2012/04/08 v1.3 Expandable calculations on big integers (HO
)
Package: bitset 2011/01/30 v1.1 Handle bit-vector datatype (HO)
Package: uniquecounter 2011/01/30 v1.2 Provide unlimited unique counter (HO)
)
Package hobsub Info: Skipping package `hobsub' (already loaded).
Package: letltxmacro 2010/09/02 v1.4 Let assignment for LaTeX macros (HO)
Package: hopatch 2012/05/28 v1.2 Wrapper for package hooks (HO)
Package: xcolor-patch 2011/01/30 xcolor patch
Package: atveryend 2011/06/30 v1.8 Hooks at the very end of document (HO)
Package atveryend Info: \enddocument detected (standard20110627).
Package: atbegshi 2011/10/05 v1.16 At begin shipout hook (HO)
Package: refcount 2011/10/16 v3.4 Data extraction from label references (HO)
Package: hycolor 2011/01/30 v1.7 Color options for hyperref/bookmark (HO)
)
(/usr/local/texlive/2012/texmf-dist/tex/generic/ifxetex/ifxetex.sty
Package: ifxetex 2010/09/12 v0.6 Provides ifxetex conditional
)
(/usr/local/texlive/2012/texmf-dist/tex/latex/oberdiek/kvoptions.sty
Package: kvoptions 2011/06/30 v3.11 Key value format for package options (HO)
)
\@linkdim=\dimen142
\Hy@linkcounter=\count119
\Hy@pagecounter=\count120

(/usr/local/texlive/2012/texmf-dist/tex/latex/hyperref/pd1enc.def
File: pd1enc.def 2012/05/13 v6.82q Hyperref: PDFDocEncoding definition (HO)
)
\Hy@SavedSpaceFactor=\count121

(/usr/local/texlive/2012/texmf-dist/tex/latex/latexconfig/hyperref.cfg
File: hyperref.cfg 2002/06/06 v1.2 hyperref configuration of TeXLive
)
Package hyperref Info: Option `final' set `true' on input line 3941.
Package hyperref Info: Hyper figures OFF on input line 4062.
Package hyperref Info: Link nesting OFF on input line 4067.
Package hyperref Info: Hyper index ON on input line 4070.
Package hyperref Info: Plain pages OFF on input line 4077.
Package hyperref Info: Backreferencing OFF on input line 4082.
Package hyperref Info: Implicit mode ON; LaTeX internals redefined.
Package hyperref Info: Bookmarks ON on input line 4300.
\c@Hy@tempcnt=\count122

(/usr/local/texlive/2012/texmf-dist/tex/latex/url/url.sty
\Urlmuskip=\muskip11
Package: url 2006/04/12  ver 3.3  Verb mode for urls, etc.
)
LaTeX Info: Redefining \url on input line 4653.
\Fld@menulength=\count123
\Field@Width=\dimen143
\Fld@charsize=\dimen144
Package hyperref Info: Hyper figures OFF on input line 5773.
Package hyperref Info: Link nesting OFF on input line 5778.
Package hyperref Info: Hyper index ON on input line 5781.
Package hyperref Info: backreferencing OFF on input line 5788.
Package hyperref Info: Link coloring OFF on input line 5793.
Package hyperref Info: Link coloring with OCG OFF on input line 5798.
Package hyperref Info: PDF/A mode OFF on input line 5803.
LaTeX Info: Redefining \ref on input line 5843.
LaTeX Info: Redefining \pageref on input line 5847.
\Hy@abspage=\count124
\c@Item=\count125
\c@Hfootnote=\count126
)

Package hyperref Message: Driver: hpdftex.

(/usr/local/texlive/2012/texmf-dist/tex/latex/hyperref/hpdftex.def
File: hpdftex.def 2012/05/13 v6.82q Hyperref driver for pdfTeX
\Fld@listcount=\count127
\c@bookmark@seq@number=\count128

(/usr/local/texlive/2012/texmf-dist/tex/latex/oberdiek/rerunfilecheck.sty
Package: rerunfilecheck 2011/04/15 v1.7 Rerun checks for auxiliary files (HO)
Package uniquecounter Info: New unique counter `rerunfilecheck' on input line 2
82.
)
\Hy@SectionHShift=\skip62
)
Package hyperref Info: Option `colorlinks' set `true' on input line 44.
Package hyperref Info: Option `unicode' set `false' on input line 67.
Package hyperref Info: Option `pdftoolbar' set `true' on input line 67.
Package hyperref Info: Option `pdfmenubar' set `true' on input line 67.
Package hyperref Info: Option `pdffitwindow' set `false' on input line 67.
Package hyperref Info: Option `colorlinks' set `true' on input line 67.

(/usr/local/texlive/2012/texmf-dist/tex/latex/listings/lstlang1.sty
File: lstlang1.sty 2004/09/05 1.3 listings language file
)
(/usr/local/texlive/2012/texmf-dist/tex/latex/listings/lstlang2.sty
File: lstlang2.sty 2004/09/05 1.3 listings language file
)
(/usr/local/texlive/2012/texmf-dist/tex/latex/listings/lstlang1.sty
File: lstlang1.sty 2004/09/05 1.3 listings language file
)
(/usr/local/texlive/2012/texmf-dist/tex/latex/listings/lstmisc.sty
File: lstmisc.sty 2007/02/22 1.4 (Carsten Heinz)
)
(/usr/local/texlive/2012/texmf-dist/tex/latex/caption/caption.sty
Package: caption 2012/02/19 v3.2f Customizing captions (AR)

(/usr/local/texlive/2012/texmf-dist/tex/latex/caption/caption3.sty
Package: caption3 2012/01/12 v1.4b caption3 kernel (AR)
\captionmargin=\dimen145
\captionmargin@=\dimen146
\captionwidth=\dimen147
\caption@indent=\dimen148
\caption@parindent=\dimen149
\caption@hangindent=\dimen150
)
\c@ContinuedFloat=\count129
Package caption Info: hyperref package is loaded.
Package caption Info: listings package is loaded.
Package caption Info: subfigure package is loaded.
)
(./dissertation.aux)
\openout1 = `dissertation.aux'.

LaTeX Font Info:    Checking defaults for OML/cmm/m/it on input line 121.
LaTeX Font Info:    ... okay on input line 121.
LaTeX Font Info:    Checking defaults for T1/cmr/m/n on input line 121.
LaTeX Font Info:    ... okay on input line 121.
LaTeX Font Info:    Checking defaults for OT1/cmr/m/n on input line 121.
LaTeX Font Info:    ... okay on input line 121.
LaTeX Font Info:    Checking defaults for OMS/cmsy/m/n on input line 121.
LaTeX Font Info:    ... okay on input line 121.
LaTeX Font Info:    Checking defaults for OMX/cmex/m/n on input line 121.
LaTeX Font Info:    ... okay on input line 121.
LaTeX Font Info:    Checking defaults for U/cmr/m/n on input line 121.
LaTeX Font Info:    ... okay on input line 121.
LaTeX Font Info:    Checking defaults for PD1/pdf/m/n on input line 121.
LaTeX Font Info:    ... okay on input line 121.

(/usr/local/texlive/2012/texmf-dist/tex/context/base/supp-pdf.mkii
[Loading MPS to PDF converter (version 2006.09.02).]
\scratchcounter=\count130
\scratchdimen=\dimen151
\scratchbox=\box31
\nofMPsegments=\count131
\nofMParguments=\count132
\everyMPshowfont=\toks25
\MPscratchCnt=\count133
\MPscratchDim=\dimen152
\MPnumerator=\count134
\makeMPintoPDFobject=\count135
\everyMPtoPDFconversion=\toks26
) (/usr/local/texlive/2012/texmf-dist/tex/latex/oberdiek/epstopdf-base.sty
Package: epstopdf-base 2010/02/09 v2.5 Base part for package epstopdf

(/usr/local/texlive/2012/texmf-dist/tex/latex/oberdiek/grfext.sty
Package: grfext 2010/08/19 v1.1 Manage graphics extensions (HO)
)
Package grfext Info: Graphics extension search list:
(grfext)             [.png,.pdf,.jpg,.mps,.jpeg,.jbig2,.jb2,.PNG,.PDF,.JPG,.JPE
G,.JBIG2,.JB2,.eps]
(grfext)             \AppendGraphicsExtensions on input line 452.

(/usr/local/texlive/2012/texmf-dist/tex/latex/latexconfig/epstopdf-sys.cfg
File: epstopdf-sys.cfg 2010/07/13 v1.3 Configuration of (r)epstopdf for TeX Liv
e
))
\c@lstlisting=\count136
LaTeX Info: Redefining \microtypecontext on input line 121.
Package microtype Info: Generating PDF output.
Package microtype Info: Character protrusion enabled (level 2).
Package microtype Info: Using default protrusion set `alltext'.
Package microtype Info: Automatic font expansion enabled (level 2),
(microtype)             stretch: 20, shrink: 20, step: 1, non-selected.
Package microtype Info: Using default expansion set `basictext'.
Package microtype Info: No tracking.
Package microtype Info: No adjustment of interword spacing.
Package microtype Info: No adjustment of character kerning.

(/usr/local/texlive/2012/texmf-dist/tex/latex/microtype/mt-ptm.cfg
File: mt-ptm.cfg 2006/04/20 v1.7 microtype config. file: Times (RS)
)
\AtBeginShipoutBox=\box32
Package hyperref Info: Link coloring ON on input line 121.

(/usr/local/texlive/2012/texmf-dist/tex/latex/hyperref/nameref.sty
Package: nameref 2010/04/30 v2.40 Cross-referencing by name of section

(/usr/local/texlive/2012/texmf-dist/tex/generic/oberdiek/gettitlestring.sty
Package: gettitlestring 2010/12/03 v1.4 Cleanup title references (HO)
)
\c@section@level=\count137
)
LaTeX Info: Redefining \ref on input line 121.
LaTeX Info: Redefining \pageref on input line 121.
LaTeX Info: Redefining \nameref on input line 121.

(./dissertation.out) (./dissertation.out)
\@outlinefile=\write3
\openout3 = `dissertation.out'.

Package caption Info: Begin \AtBeginDocument code.
Package caption Info: End \AtBeginDocument code.
LaTeX Font Info:    Try loading font information for OT1+ztmcm on input line 12
4.

(/usr/local/texlive/2012/texmf-dist/tex/latex/psnfss/ot1ztmcm.fd
File: ot1ztmcm.fd 2000/01/03 Fontinst v1.801 font definitions for OT1/ztmcm.
)
LaTeX Font Info:    Try loading font information for OML+ztmcm on input line 12
4.

(/usr/local/texlive/2012/texmf-dist/tex/latex/psnfss/omlztmcm.fd
File: omlztmcm.fd 2000/01/03 Fontinst v1.801 font definitions for OML/ztmcm.
)
LaTeX Font Info:    Try loading font information for OMS+ztmcm on input line 12
4.

(/usr/local/texlive/2012/texmf-dist/tex/latex/psnfss/omsztmcm.fd
File: omsztmcm.fd 2000/01/03 Fontinst v1.801 font definitions for OMS/ztmcm.
)
LaTeX Font Info:    Try loading font information for OMX+ztmcm on input line 12
4.

(/usr/local/texlive/2012/texmf-dist/tex/latex/psnfss/omxztmcm.fd
File: omxztmcm.fd 2000/01/03 Fontinst v1.801 font definitions for OMX/ztmcm.
)
(/usr/local/texlive/2012/texmf-dist/tex/latex/microtype/mt-msa.cfg
File: mt-msa.cfg 2006/02/04 v1.1 microtype config. file: AMS symbols (a) (RS)
)
(/usr/local/texlive/2012/texmf-dist/tex/latex/microtype/mt-msb.cfg
File: mt-msb.cfg 2005/06/01 v1.0 microtype config. file: AMS symbols (b) (RS)
)
LaTeX Font Info:    Try loading font information for OT1+ptm on input line 124.


(/usr/local/texlive/2012/texmf-dist/tex/latex/psnfss/ot1ptm.fd
File: ot1ptm.fd 2001/06/04 font definitions for OT1/ptm.
)
LaTeX Font Info:    Font shape `OT1/ptm/bx/n' in size <12> not available
(Font)              Font shape `OT1/ptm/b/n' tried instead on input line 124.
LaTeX Font Info:    Font shape `OT1/ptm/bx/n' in size <9> not available
(Font)              Font shape `OT1/ptm/b/n' tried instead on input line 124.
LaTeX Font Info:    Font shape `OT1/ptm/bx/n' in size <7> not available
(Font)              Font shape `OT1/ptm/b/n' tried instead on input line 124.

Underfull \hbox (badness 10000) in paragraph at lines 123--140

 []


Overfull \hbox (7.38684pt too wide) in paragraph at lines 123--140
[]$ 
 []


Overfull \hbox (6.03165pt too wide) in paragraph at lines 123--140
[]$ 
 []


Overfull \hbox (6.31935pt too wide) in paragraph at lines 123--140
[]$ 
 []


Overfull \hbox (7.14714pt too wide) in paragraph at lines 123--140
[]$ 
 []


Overfull \hbox (8.0pt too wide) in paragraph at lines 123--140
[]$ 
 []


Overfull \hbox (8.0pt too wide) in paragraph at lines 123--140
[]$ 
 []


Overfull \hbox (8.0pt too wide) in paragraph at lines 123--140
[]$ 
 []


Overfull \hbox (8.0pt too wide) in paragraph at lines 123--140
[]$ 
 []


Overfull \hbox (8.0pt too wide) in paragraph at lines 123--140
[]$ 
 []


Underfull \hbox (badness 10000) in paragraph at lines 123--140

 []

[1

{/usr/local/texlive/2012/texmf-var/fonts/map/pdftex/updmap/pdftex.map}]
LaTeX Font Info:    Font shape `T1/ptm/bx/n' in size <20.74> not available
(Font)              Font shape `T1/ptm/b/n' tried instead on input line 160.
LaTeX Font Info:    Font shape `T1/ptm/bx/n' in size <14.4> not available
(Font)              Font shape `T1/ptm/b/n' tried instead on input line 160.

[2

]
LaTeX Font Info:    Try loading font information for OMS+ptm on input line 161.

 (/usr/local/texlive/2012/texmf-dist/tex/latex/psnfss/omsptm.fd
File: omsptm.fd 
)
LaTeX Font Info:    Font shape `OMS/ptm/m/n' in size <12> not available
(Font)              Font shape `OMS/cmsy/m/n' tried instead on input line 161.
 [3

]
LaTeX Font Info:    Font shape `T1/ptm/bx/n' in size <24.88> not available
(Font)              Font shape `T1/ptm/b/n' tried instead on input line 163.
LaTeX Font Info:    Font shape `T1/ptm/bx/n' in size <12> not available
(Font)              Font shape `T1/ptm/b/n' tried instead on input line 164.

[4

] [5

] [6

] [7] (./dissertation.toc [8

] [9])
\tf@toc=\write4
\openout4 = `dissertation.toc'.

 [10] (./dissertation.lof [11

])
\tf@lof=\write5
\openout5 = `dissertation.lof'.


[12] (./dissertation.lot)
\tf@lot=\write6
\openout6 = `dissertation.lot'.

 [13

] [14

] [15] [16] [17]
Chapter 1.
(./content/introduction.tex
Underfull \vbox (badness 6157) has occurred while \output is active []

pdfTeX warning (ext4): destination with the same identifier (name{page.1}) has 
been already used, duplicate ignored
<to be read again> 
                   \relax 
l.4 
     [1


]
Underfull \vbox (badness 10000) has occurred while \output is active []

 [2])
(./content/models.tex
Underfull \vbox (badness 1406) has occurred while \output is active []

 [3]
LaTeX Font Info:    Font shape `T1/ptm/bx/n' in size <17.28> not available
(Font)              Font shape `T1/ptm/b/n' tried instead on input line 1.

[4]
Underfull \vbox (badness 1406) has occurred while \output is active []

 [5])
(./content/standards.tex [6]) (./content/cross-domain-examples.tex
Underfull \vbox (badness 10000) has occurred while \output is active []

 [7]
<./images/nsa-legacy-arch.png, id=417, 902.37125pt x 363.3575pt>
File: ./images/nsa-legacy-arch.png Graphic file (type png)

<use ./images/nsa-legacy-arch.png>
Package pdftex.def Info: ./images/nsa-legacy-arch.png used on input line 12.
(pdftex.def)             Requested size: 361.34999pt x 145.50674pt.

Underfull \vbox (badness 10000) has occurred while \output is active []

 [8]
Underfull \vbox (badness 10000) has occurred while \output is active []

 [9 <./images/nsa-legacy-arch.png>]
<./images/nsa-arch.png, id=437, 895.345pt x 286.06876pt>
File: ./images/nsa-arch.png Graphic file (type png)

<use ./images/nsa-arch.png>
Package pdftex.def Info: ./images/nsa-arch.png used on input line 31.
(pdftex.def)             Requested size: 361.34999pt x 115.45563pt.
 [10 <./images/nsa-arch.png>]
<./images/raytheon-arch.png, id=444, 1304.875pt x 464.73625pt>
File: ./images/raytheon-arch.png Graphic file (type png)

<use ./images/raytheon-arch.png>
Package pdftex.def Info: ./images/raytheon-arch.png used on input line 45.
(pdftex.def)             Requested size: 361.34999pt x 128.69281pt.
 [11 <./images/raytheon-arch.png>]
LaTeX Font Info:    Font shape `OT1/ptm/bx/n' in size <14.4> not available
(Font)              Font shape `OT1/ptm/b/n' tried instead on input line 54.
LaTeX Font Info:    Font shape `OT1/ptm/bx/n' in size <10.95> not available
(Font)              Font shape `OT1/ptm/b/n' tried instead on input line 54.
LaTeX Font Info:    Font shape `OT1/ptm/bx/n' in size <8> not available
(Font)              Font shape `OT1/ptm/b/n' tried instead on input line 54.


Package hyperref Warning: Token not allowed in a PDF string (PDFDocEncoding):
(hyperref)                removing `math shift' on input line 54.


Package hyperref Warning: Token not allowed in a PDF string (PDFDocEncoding):
(hyperref)                removing `\mid' on input line 54.


Package hyperref Warning: Token not allowed in a PDF string (PDFDocEncoding):
(hyperref)                removing `math shift' on input line 54.


Package hyperref Warning: Token not allowed in a PDF string (PDFDocEncoding):
(hyperref)                removing `math shift' on input line 54.


Package hyperref Warning: Token not allowed in a PDF string (PDFDocEncoding):
(hyperref)                removing `\mid' on input line 54.


Package hyperref Warning: Token not allowed in a PDF string (PDFDocEncoding):
(hyperref)                removing `math shift' on input line 54.

<./images/bah-arch.png, id=453, 972.63374pt x 456.70625pt>
File: ./images/bah-arch.png Graphic file (type png)

<use ./images/bah-arch.png>
Package pdftex.def Info: ./images/bah-arch.png used on input line 59.
(pdftex.def)             Requested size: 361.34999pt x 169.66856pt.
) (./content/current-system-analysis.tex [12 <./images/bah-arch.png>] [13]) (./
content/info-centric-networks.tex [14]
Underfull \vbox (badness 10000) has occurred while \output is active []

 [15]
Underfull \vbox (badness 1406) has occurred while \output is active []

 [16])
(./content/related-work.tex)
Underfull \vbox (badness 10000) has occurred while \output is active []

 [17]
[18]
Chapter 2.
(./content/capabilities.tex [19

]
Underfull \vbox (badness 1406) has occurred while \output is active []

 [20]
Underfull \vbox (badness 10000) has occurred while \output is active []

 [21])
(./content/characteristics.tex [22]) (./content/taxonomy.tex [23]
Underfull \vbox (badness 7116) has occurred while \output is active []

 [24]

Package hyperref Warning: Token not allowed in a PDF string (PDFDocEncoding):
(hyperref)                removing `math shift' on input line 38.


Package hyperref Warning: Token not allowed in a PDF string (PDFDocEncoding):
(hyperref)                removing `\phi' on input line 38.


Package hyperref Warning: Token not allowed in a PDF string (PDFDocEncoding):
(hyperref)                removing `math shift' on input line 38.

<./images/model-phi-crop.jpg, id=601, 344.28625pt x 206.7725pt>
File: ./images/model-phi-crop.jpg Graphic file (type jpg)

<use ./images/model-phi-crop.jpg>
Package pdftex.def Info: ./images/model-phi-crop.jpg used on input line 43.
(pdftex.def)             Requested size: 289.07999pt x 173.61829pt.
 [25]
Underfull \vbox (badness 10000) has occurred while \output is active []

 [26 <./images/model-phi-crop.jpg>]

Package hyperref Warning: Token not allowed in a PDF string (PDFDocEncoding):
(hyperref)                removing `math shift' on input line 54.


Package hyperref Warning: Token not allowed in a PDF string (PDFDocEncoding):
(hyperref)                removing `\alpha' on input line 54.


Package hyperref Warning: Token not allowed in a PDF string (PDFDocEncoding):
(hyperref)                removing `math shift' on input line 54.

<./images/model-alpha-crop.jpg, id=614, 350.30875pt x 235.88126pt>
File: ./images/model-alpha-crop.jpg Graphic file (type jpg)

<use ./images/model-alpha-crop.jpg>
Package pdftex.def Info: ./images/model-alpha-crop.jpg used on input line 59.
(pdftex.def)             Requested size: 289.07999pt x 194.66562pt.
 [27 <./images/model-alpha-crop.jpg>]

Package hyperref Warning: Token not allowed in a PDF string (PDFDocEncoding):
(hyperref)                removing `math shift' on input line 72.


Package hyperref Warning: Token not allowed in a PDF string (PDFDocEncoding):
(hyperref)                removing `\beta' on input line 72.


Package hyperref Warning: Token not allowed in a PDF string (PDFDocEncoding):
(hyperref)                removing `math shift' on input line 72.

<./images/model-beta-crop.jpg, id=619, 506.89375pt x 306.14375pt>
File: ./images/model-beta-crop.jpg Graphic file (type jpg)

<use ./images/model-beta-crop.jpg>
Package pdftex.def Info: ./images/model-beta-crop.jpg used on input line 77.
(pdftex.def)             Requested size: 289.07999pt x 174.59717pt.
 [28]

Package hyperref Warning: Token not allowed in a PDF string (PDFDocEncoding):
(hyperref)                removing `math shift' on input line 88.


Package hyperref Warning: Token not allowed in a PDF string (PDFDocEncoding):
(hyperref)                removing `\gamma' on input line 88.


Package hyperref Warning: Token not allowed in a PDF string (PDFDocEncoding):
(hyperref)                removing `math shift' on input line 88.


Underfull \vbox (badness 10000) has occurred while \output is active []

 [29 <./images/model-beta-crop.jpg>]
<./images/model-gamma-crop.jpg, id=630, 506.89375pt x 299.1175pt>
File: ./images/model-gamma-crop.jpg Graphic file (type jpg)

<use ./images/model-gamma-crop.jpg>
Package pdftex.def Info: ./images/model-gamma-crop.jpg used on input line 93.
(pdftex.def)             Requested size: 289.07999pt x 170.59003pt.

Underfull \vbox (badness 8000) has occurred while \output is active []

 [30 <./images/model-gamma-crop.jpg>] [31]
Underfull \vbox (badness 1406) has occurred while \output is active []

 [32]
[33]
Underfull \vbox (badness 1406) has occurred while \output is active []

 [34]
Underfull \vbox (badness 1028) has occurred while \output is active []

 [35])
Underfull \vbox (badness 1406) has occurred while \output is active []

 [36]
[37]
Chapter 3.
(./content/progression.tex
Underfull \vbox (badness 6157) has occurred while \output is active []

 [38

]
[39] <./images/cross-domain-prototype.png, id=680, 1244.17764pt x 758.12646pt>
File: ./images/cross-domain-prototype.png Graphic file (type png)

<use ./images/cross-domain-prototype.png>
Package pdftex.def Info: ./images/cross-domain-prototype.png used on input line
 17.
(pdftex.def)             Requested size: 433.62pt x 264.21457pt.

Overfull \hbox (3.62pt too wide) in paragraph at lines 17--18
 [][] 
 []

[40]
Underfull \vbox (badness 3019) has occurred while \output is active []

 [41 <./images/cross-domain-prototype.png>]
<./images/prototype-physical-config.png, id=691, 439.28824pt x 644.76176pt>
File: ./images/prototype-physical-config.png Graphic file (type png)

<use ./images/prototype-physical-config.png>
Package pdftex.def Info: ./images/prototype-physical-config.png used on input l
ine 36.
(pdftex.def)             Requested size: 216.81pt x 318.2185pt.
 [42]
Underfull \vbox (badness 2884) has occurred while \output is active []

 [43 <./images/prototype-physical-config.png>]
Underfull \vbox (badness 10000) has occurred while \output is active []

 [44]
[45] [46] <./images/overall-view.pdf, id=714, 343.2825pt x 265.99374pt>
File: ./images/overall-view.pdf Graphic file (type pdf)

<use ./images/overall-view.pdf>
Package pdftex.def Info: ./images/overall-view.pdf used on input line 91.
(pdftex.def)             Requested size: 289.07999pt x 223.99332pt.

Underfull \vbox (badness 10000) has occurred while \output is active []

 [47 <./images/overall-view.pdf>]
<./images/node-view.pdf, id=738, 350.30875pt x 386.44376pt>
File: ./images/node-view.pdf Graphic file (type pdf)

<use ./images/node-view.pdf>
Package pdftex.def Info: ./images/node-view.pdf used on input line 104.
(pdftex.def)             Requested size: 289.07999pt x 318.92027pt.

Underfull \vbox (badness 1406) has occurred while \output is active []

 [48]
Underfull \vbox (badness 2277) has occurred while \output is active []

 [49 <./images/node-view.pdf>]
<./images/router-view.pdf, id=766, 350.30875pt x 352.31625pt>
File: ./images/router-view.pdf Graphic file (type pdf)

<use ./images/router-view.pdf>
Package pdftex.def Info: ./images/router-view.pdf used on input line 117.
(pdftex.def)             Requested size: 289.07999pt x 290.75587pt.
 [50 <./images/router-view.pdf>] [51] [52]
Underfull \vbox (badness 1028) has occurred while \output is active []

 [53]
Underfull \vbox (badness 10000) has occurred while \output is active []

 [54]
LaTeX Font Info:    Font shape `T1/ptm/bx/n' in size <10.95> not available
(Font)              Font shape `T1/ptm/b/n' tried instead on input line 177.
LaTeX Font Info:    Font shape `OT1/ptm/bx/n' in size <6> not available
(Font)              Font shape `OT1/ptm/b/n' tried instead on input line 177.

Overfull \hbox (6.0pt too wide) in paragraph at lines 177--177
[][][][][][][] 
 []

LaTeX Font Info:    Try loading font information for T1+pcr on input line 177.
(/usr/local/texlive/2012/texmf-dist/tex/latex/psnfss/t1pcr.fd
File: t1pcr.fd 2001/06/04 font definitions for T1/pcr.
) [55]
Overfull \hbox (6.0pt too wide) in paragraph at lines 201--201
[][][][][][][] 
 []


Overfull \hbox (6.0pt too wide) in paragraph at lines 217--217
[][][][][][][] 
 []


Overfull \hbox (6.0pt too wide) in paragraph at lines 233--233
[][][][][][][] 
 []

[56]
Overfull \hbox (6.0pt too wide) in paragraph at lines 252--252
[][][][][][][] 
 []


Overfull \hbox (6.0pt too wide) in paragraph at lines 265--265
[][][][][][][] 
 []


Overfull \hbox (6.0pt too wide) in paragraph at lines 279--279
[][][][][][][] 
 []


Overfull \hbox (28.09683pt too wide) in paragraph at lines 294--312
 [][] 
 []

[57]
Overfull \hbox (28.09683pt too wide) in paragraph at lines 324--339
 [][] 
 []


Underfull \vbox (badness 10000) has occurred while \output is active []

 [58]
(/usr/local/texlive/2012/texmf-dist/tex/latex/listings/lstlang1.sty
File: lstlang1.sty 2004/09/05 1.3 listings language file
)
(/usr/local/texlive/2012/texmf-dist/tex/latex/listings/lstlang2.sty
File: lstlang2.sty 2004/09/05 1.3 listings language file
)
Overfull \hbox (6.0pt too wide) in paragraph at lines 347--347
[][][][][][][] 
 []

[59]
Overfull \hbox (6.0pt too wide) in paragraph at lines 375--375
[][][][][][][] 
 []

LaTeX Font Info:    Font shape `T1/pcr/m/it' in size <8> not available
(Font)              Font shape `T1/pcr/m/sl' tried instead on input line 376.
[60]
Overfull \hbox (6.0pt too wide) in paragraph at lines 389--389
[][][][][][][] 
 []


Overfull \hbox (6.0pt too wide) in paragraph at lines 407--407
[][][][][][][] 
 []

[61]
Overfull \hbox (6.0pt too wide) in paragraph at lines 423--423
[][][][][][][] 
 []


Underfull \vbox (badness 2261) has occurred while \output is active []

 [62]
Overfull \hbox (6.0pt too wide) in paragraph at lines 438--438
[][][][][][][] 
 []


Overfull \hbox (6.0pt too wide) in paragraph at lines 448--448
[][][][][][][] 
 []


Overfull \hbox (6.0pt too wide) in paragraph at lines 460--460
[][][][][][][] 
 []

[63]
Overfull \hbox (6.0pt too wide) in paragraph at lines 469--469
[][][][][][][] 
 []

) [64]
Chapter 4.
(./content/results.tex
Underfull \vbox (badness 6157) has occurred while \output is active []

 [65

]
[66] <./images/strategy_effects_az.pdf, id=1028, 362.35374pt x 217.81375pt>
File: ./images/strategy_effects_az.pdf Graphic file (type pdf)

<use ./images/strategy_effects_az.pdf>
Package pdftex.def Info: ./images/strategy_effects_az.pdf used on input line 20
.
(pdftex.def)             Requested size: 215.0pt x 129.24017pt.

<./images/strategy_effects_stdev_az.pdf, id=1029, 362.35374pt x 241.90375pt>
File: ./images/strategy_effects_stdev_az.pdf Graphic file (type pdf)

<use ./images/strategy_effects_stdev_az.pdf>
Package pdftex.def Info: ./images/strategy_effects_stdev_az.pdf used on input l
ine 24.
(pdftex.def)             Requested size: 215.0pt x 143.53401pt.

Overfull \hbox (2.28003pt too wide) in paragraph at lines 18--26
[][] [] 
 []


Underfull \vbox (badness 10000) has occurred while \output is active []

 [67]
<./images/strategy_effects_rs.pdf, id=1035, 361.35pt x 216.81pt>
File: ./images/strategy_effects_rs.pdf Graphic file (type pdf)

<use ./images/strategy_effects_rs.pdf>
Package pdftex.def Info: ./images/strategy_effects_rs.pdf used on input line 42
.
(pdftex.def)             Requested size: 215.0pt x 129.00189pt.

<./images/strategy_effects_stdev_rs.pdf, id=1036, 361.35pt x 240.9pt>
File: ./images/strategy_effects_stdev_rs.pdf Graphic file (type pdf)

<use ./images/strategy_effects_stdev_rs.pdf>
Package pdftex.def Info: ./images/strategy_effects_stdev_rs.pdf used on input l
ine 46.
(pdftex.def)             Requested size: 215.0pt x 143.33543pt.

Overfull \hbox (2.28003pt too wide) in paragraph at lines 40--48
[][] [] 
 []


Underfull \vbox (badness 10000) has occurred while \output is active []

 [68 <./images/strategy_effects_az.pdf> <./images/strategy_effects_stdev_az.pdf
>]
Underfull \vbox (badness 10000) has occurred while \output is active []

 [69 <./images/strategy_effects_rs.pdf> <./images/strategy_effects_stdev_rs.pdf
>]
<./images/strategy_effects_local.pdf, id=1770, 361.35pt x 217.81375pt>
File: ./images/strategy_effects_local.pdf Graphic file (type pdf)

<use ./images/strategy_effects_local.pdf>
Package pdftex.def Info: ./images/strategy_effects_local.pdf used on input line
 71.
(pdftex.def)             Requested size: 215.0pt x 129.5991pt.

<./images/strategy_effects_stdev_local.pdf, id=1771, 361.35pt x 241.90375pt>
File: ./images/strategy_effects_stdev_local.pdf Graphic file (type pdf)

<use ./images/strategy_effects_stdev_local.pdf>
Package pdftex.def Info: ./images/strategy_effects_stdev_local.pdf used on inpu
t line 75.
(pdftex.def)             Requested size: 215.0pt x 143.93266pt.

Overfull \hbox (2.28003pt too wide) in paragraph at lines 69--77
[][] [] 
 []


Underfull \vbox (badness 1406) has occurred while \output is active []

 [70]
Underfull \vbox (badness 10000) has occurred while \output is active []

 [71 <./images/strategy_effects_local.pdf> <./images/strategy_effects_stdev_loc
al.pdf>]
<./images/nh_strategy_effects_az.pdf, id=2140, 362.35374pt x 241.90375pt>
File: ./images/nh_strategy_effects_az.pdf Graphic file (type pdf)

<use ./images/nh_strategy_effects_az.pdf>
Package pdftex.def Info: ./images/nh_strategy_effects_az.pdf used on input line
 100.
(pdftex.def)             Requested size: 215.0pt x 143.53401pt.

<./images/nh_strategy_effects_stdev_az.pdf, id=2141, 362.35374pt x 241.90375pt>
File: ./images/nh_strategy_effects_stdev_az.pdf Graphic file (type pdf)
<use ./images/nh_strategy_effects_stdev_az.pdf>
Package pdftex.def Info: ./images/nh_strategy_effects_stdev_az.pdf used on inpu
t line 104.
(pdftex.def)             Requested size: 215.0pt x 143.53401pt.

Overfull \hbox (2.28003pt too wide) in paragraph at lines 98--106
[][] [] 
 []

[72 <./images/nh_strategy_effects_az.pdf> <./images/nh_strategy_effects_stdev_a
z.pdf>] <./images/nh_strategy_effects_rs.pdf, id=2562, 361.35pt x 240.9pt>
File: ./images/nh_strategy_effects_rs.pdf Graphic file (type pdf)

<use ./images/nh_strategy_effects_rs.pdf>
Package pdftex.def Info: ./images/nh_strategy_effects_rs.pdf used on input line
 124.
(pdftex.def)             Requested size: 215.0pt x 143.33543pt.

<./images/nh_strategy_effects_stdev_rs.pdf, id=2563, 361.35pt x 240.9pt>
File: ./images/nh_strategy_effects_stdev_rs.pdf Graphic file (type pdf)

<use ./images/nh_strategy_effects_stdev_rs.pdf>
Package pdftex.def Info: ./images/nh_strategy_effects_stdev_rs.pdf used on inpu
t line 128.
(pdftex.def)             Requested size: 215.0pt x 143.33543pt.

Overfull \hbox (2.28003pt too wide) in paragraph at lines 122--130
[][] [] 
 []

[73 <./images/nh_strategy_effects_rs.pdf> <./images/nh_strategy_effects_stdev_r
s.pdf>]
<./images/nh_strategy_effects_local.pdf, id=2983, 361.35pt x 241.90375pt>
File: ./images/nh_strategy_effects_local.pdf Graphic file (type pdf)

<use ./images/nh_strategy_effects_local.pdf>
Package pdftex.def Info: ./images/nh_strategy_effects_local.pdf used on input l
ine 147.
(pdftex.def)             Requested size: 215.0pt x 143.93266pt.

<./images/nh_strategy_effects_stdev_local.pdf, id=2984, 361.35pt x 241.90375pt>
File: ./images/nh_strategy_effects_stdev_local.pdf Graphic file (type pdf)
<use ./images/nh_strategy_effects_stdev_local.pdf>
Package pdftex.def Info: ./images/nh_strategy_effects_stdev_local.pdf used on i
nput line 151.
(pdftex.def)             Requested size: 215.0pt x 143.93266pt.

Overfull \hbox (2.28003pt too wide) in paragraph at lines 145--153
[][] [] 
 []

[74 <./images/nh_strategy_effects_local.pdf> <./images/nh_strategy_effects_stde
v_local.pdf>] <./images/single-node-results.pdf, id=3406, 361.35pt x 216.81pt>
File: ./images/single-node-results.pdf Graphic file (type pdf)

<use ./images/single-node-results.pdf>
Package pdftex.def Info: ./images/single-node-results.pdf used on input line 17
6.
(pdftex.def)             Requested size: 215.0pt x 129.00189pt.

<./images/single-node-results-stats.pdf, id=3407, 361.35pt x 216.81pt>
File: ./images/single-node-results-stats.pdf Graphic file (type pdf)

<use ./images/single-node-results-stats.pdf>
Package pdftex.def Info: ./images/single-node-results-stats.pdf used on input l
ine 180.
(pdftex.def)             Requested size: 215.0pt x 129.00189pt.

Overfull \hbox (2.28003pt too wide) in paragraph at lines 174--182
[][] [] 
 []

) (./content/conclusions.tex [75] [76 <./images/single-node-results.pdf> <./ima
ges/single-node-results-stats.pdf>]
Underfull \vbox (badness 1406) has occurred while \output is active []

 [77])
Underfull \vbox (badness 10000) has occurred while \output is active []

 [78]
(./dissertation.bbl
Underfull \hbox (badness 10000) in paragraph at lines 8--11
[]\T1/ptm/m/n/12 (+20) Marlin ar-chi-tec-ture overview.  Tech-ni-cal re-port, 2
006.
 []


Overfull \hbox (101.29732pt too wide) in paragraph at lines 13--17
[]\T1/ptm/m/n/12 (-20) DoD In-for-ma-tion Shar-ing Strat-egy.  http://dodcio.de
fense.gov/Portals/0/Documents/InfoSharingStrategy.pdf,
 []


Overfull \hbox (6.42162pt too wide) in paragraph at lines 23--26
[]\T1/ptm/m/n/12 (-20) Assured In-for-ma-tion Shar-ing in Clouds.  http://www.z
yn.com/sbir/sbres/sttr/dod/af/af11-
 []


Underfull \hbox (badness 10000) in paragraph at lines 37--41
[]\T1/ptm/m/n/12 (+20) NSA Pur-sues Intelligence-Sharing Ar-chi-tec-ture.
 []


Underfull \hbox (badness 10000) in paragraph at lines 37--41
\T1/ptm/m/n/12 (+20) http://www.informationweek.com/news/government/cloud-saas/
229401646,
 []


Overfull \hbox (98.22511pt too wide) in paragraph at lines 60--63
[]\T1/ptm/m/n/12 (-20) Cisco Cat-a-lyst 6500 Se-ries Switches.  http://www.cisc
o.com/en/US/products/hw/switches/ps708/index.html,
 []

[79

]
Underfull \hbox (badness 10000) in paragraph at lines 65--68
[]\T1/ptm/m/n/12 (+20) Content-Centric Net-work-ing - Parc, a Xe-rox Com-pany.
 []


Underfull \hbox (badness 10000) in paragraph at lines 65--68
\T1/ptm/m/n/12 (+20) http://www.parc.com/work/focus-area/content-centric-networ
king/, Septem-ber
 []

[80]
Underfull \hbox (badness 10000) in paragraph at lines 142--145
[]\T1/ptm/m/n/12 (+20) Coral con-sor-tium whitepa-per.  Tech-ni-cal re-port, Fe
b. 2006.
 []

[81] [82])
Package atveryend Info: Empty hook `BeforeClearDocument' on input line 282.
 [83]
Package atveryend Info: Empty hook `AfterLastShipout' on input line 282.
 (./dissertation.aux)
Package atveryend Info: Executing hook `AtVeryEndDocument' on input line 282.
Package atveryend Info: Executing hook `AtEndAfterFileList' on input line 282.
Package rerunfilecheck Info: File `dissertation.out' has not changed.
(rerunfilecheck)             Checksum: 22A54F3FB522C6539E2277CC046728E7;3036.
Package atveryend Info: Empty hook `AtVeryVeryEnd' on input line 282.
 ) 
Here is how much of TeX's memory you used:
 12216 strings out of 493488
 183747 string characters out of 3141326
 474275 words of memory out of 3000000
 14592 multiletter control sequences out of 15000+200000
 92435 words of font info for 282 fonts, out of 3000000 for 9000
 957 hyphenation exceptions out of 8191
 40i,9n,49p,2305b,1924s stack positions out of 5000i,500n,10000p,200000b,50000s
{/usr/local/texlive/2012/texmf-dist/fonts/enc/dvips/base/8r.enc}</usr/local/t
exlive/2012/texmf-dist/fonts/type1/public/amsfonts/cm/cmmi10.pfb></usr/local/te
xlive/2012/texmf-dist/fonts/type1/public/amsfonts/cm/cmr10.pfb></usr/local/texl
ive/2012/texmf-dist/fonts/type1/public/amsfonts/cm/cmsy10.pfb></usr/local/texli
ve/2012/texmf-dist/fonts/type1/urw/courier/ucrr8a.pfb></usr/local/texlive/2012/
texmf-dist/fonts/type1/urw/courier/ucrro8a.pfb></usr/local/texlive/2012/texmf-d
ist/fonts/type1/urw/symbol/usyr.pfb></usr/local/texlive/2012/texmf-dist/fonts/t
ype1/urw/times/utmb8a.pfb></usr/local/texlive/2012/texmf-dist/fonts/type1/urw/t
imes/utmr8a.pfb></usr/local/texlive/2012/texmf-dist/fonts/type1/urw/times/utmr8
a.pfb></usr/local/texlive/2012/texmf-dist/fonts/type1/urw/times/utmri8a.pfb>
Output written on dissertation.pdf (100 pages, 2163427 bytes).
PDF statistics:
 3745 PDF objects out of 4296 (max. 8388607)
 2596 compressed objects within 26 object streams
 406 named destinations out of 1000 (max. 500000)
 44000 words of extra memory for PDF output out of 51595 (max. 10000000)

